<?xml version="1.0" encoding="UTF-8"?>
<testsuite name="ObjectInstantiationBenchmarkTest" tests="1" skipped="0" failures="0" errors="0" timestamp="2022-08-11T21:54:19" hostname="BENWILSON" time="16.652">
  <properties/>
  <testcase name="instantiation_sameValues_optimizedIsFaster()" classname="ObjectInstantiationBenchmarkTest" time="16.652"/>
  <system-out><![CDATA[********************************************************************************************************************************************************************************************************
* unOptimized instantiation average processing time in nanoseconds: 52461882
* optimized instantiation average processing time in nanoseconds:   30677357
* overall speed improvement in nanoseconds:                21784525
********************************************************************************************************************************************************************************************************

]]></system-out>
  <system-err><![CDATA[]]></system-err>
</testsuite>
