<?xml version="1.0" encoding="UTF-8"?>
<testsuite name="com.TestRunner" tests="1" skipped="0" failures="0" errors="0" timestamp="2022-08-14T02:46:18" hostname="BENWILSON" time="14.875">
  <properties/>
  <testcase name="run_all_tests()" classname="com.TestRunner" time="14.875"/>
  <system-out><![CDATA[####################################################################################################
# ---------- VariableOptimizations Integer Test Results ----------
# Wrapper average processing time:     36630 nanoseconds
# Primitive average processing time:   13190 nanoseconds
# ----------------------------------------------------------------------------------------------------
# overall speed improvement:           23440 nanoseconds
####################################################################################################

####################################################################################################
# ---------- VariableOptimizations Long Test Results ----------
# Wrapper average processing time:     40155 nanoseconds
# Primitive average processing time:   11855 nanoseconds
# ----------------------------------------------------------------------------------------------------
# overall speed improvement:           28300 nanoseconds
####################################################################################################

####################################################################################################
# ---------- VariableOptimizations Float Test Results ----------
# Wrapper average processing time:     45575 nanoseconds
# Primitive average processing time:   13020 nanoseconds
# ----------------------------------------------------------------------------------------------------
# overall speed improvement:           32555 nanoseconds
####################################################################################################

####################################################################################################
# ---------- VariableOptimizations Double Test Results ----------
# Wrapper average processing time:     45380 nanoseconds
# Primitive average processing time:   10950 nanoseconds
# ----------------------------------------------------------------------------------------------------
# overall speed improvement:           34430 nanoseconds
####################################################################################################

####################################################################################################
# ---------- VariableOptimizations Character Test Results ----------
# Wrapper average processing time:     35610 nanoseconds
# Primitive average processing time:   10430 nanoseconds
# ----------------------------------------------------------------------------------------------------
# overall speed improvement:           25180 nanoseconds
####################################################################################################

####################################################################################################
# ---------- BinarySearchOptimizationsTest Test Results ----------
# unOptimized average processing time: 76170 nanoseconds
# optimized average processing time:   1980 nanoseconds
# ----------------------------------------------------------------------------------------------------
# overall speed improvement:           74190 nanoseconds
####################################################################################################

####################################################################################################
# ---------- ObjectInstantiationOptimizations Test Results ----------
# unOptimized average processing time: 1029030 nanoseconds
# optimized average processing time:   762665 nanoseconds
# ----------------------------------------------------------------------------------------------------
# overall speed improvement:           266365 nanoseconds
####################################################################################################

####################################################################################################
# ---------- ConcurrencyOptimizations Test Results ----------
# unOptimized average processing time: 27790795 nanoseconds
# optimized average processing time:   19105715 nanoseconds
# ----------------------------------------------------------------------------------------------------
# overall speed improvement:           8685080 nanoseconds
####################################################################################################

####################################################################################################
# ---------- BinaryTreeOptimizationsTest Depth-First Test Results ----------
# Recursive average processing time:           16885 nanoseconds
# Recursive average memory used:               3983.79453125 kb
# Iterative average processing time:           34820 nanoseconds
# Iterative average memory used:               2.59375 kb
# ----------------------------------------------------------------------------------------------------
# recursive is faster by:                      17935 nanoseconds
# iterative memory used is lower by:           3981.20078125 kb
####################################################################################################

####################################################################################################
# ---------- BinaryTreeOptimizationsTest Breadth-First Test Results ----------
# Recursive average processing time:           2990 nanoseconds
# Recursive average memory used:               3985.87578125 kb
# Iterative average processing time:           9276845 nanoseconds
# Iterative average memory used:               15.5234375 kb
# ----------------------------------------------------------------------------------------------------
# recursive is faster by:                        9273855 nanoseconds.
# iterative memory used is lower by:             3970.35234375 kb.
####################################################################################################

####################################################################################################
# ---------- ContainsMethod LowTarget Test Results ----------
# LIST average processing time:    7175 nanoseconds
# SET average processing time:     2960 nanoseconds
# QUEUE average processing time:   5225 nanoseconds
# STACK average processing time:   5095 nanoseconds
# ----------------------------------------------------------------------------------------------------
# LIST had the longest processing time
# SET had the shortest processing time
# overall speed improvement:       4215 nanoseconds
####################################################################################################

####################################################################################################
# ---------- ContainsMethod HighTarget Test Results ----------
# LIST average processing time:    196760 nanoseconds
# SET average processing time:     7480 nanoseconds
# QUEUE average processing time:   182955 nanoseconds
# STACK average processing time:   177825 nanoseconds
# ----------------------------------------------------------------------------------------------------
# LIST had the longest processing time
# SET had the shortest processing time
# overall speed improvement:       189280 nanoseconds
####################################################################################################

####################################################################################################
# ---------- ContainsMethod Individual Statistics ----------
# LIST lowTarget time is faster than highTarget time by:    189585 nanoseconds
# SET lowTarget time is faster than highTarget time by:     4520 nanoseconds
# QUEUE lowTarget time is faster than highTarget time by:   177730 nanoseconds
# STACK lowTarget time is faster than highTarget time by:   172730 nanoseconds
####################################################################################################

]]></system-out>
  <system-err><![CDATA[]]></system-err>
</testsuite>
